1761243465198	geckodriver	INFO	Listening on 127.0.0.1:58799
1761243468316	mozrunner::runner	INFO	Running command: "C:\\Program Files\\Mozilla Firefox\\firefox.exe" "--marionette" "--remote-debugging-port" "58800" "--remote-allow-hosts" "localhost" "-no-remote" "-profile" "C:\\Users\\GENIUS\\AppData\\Local\\Temp\\rust_mozprofile5lNZCo"
console.warn: services.settings: Ignoring preference override of remote settings server
console.warn: services.settings: Allow by setting MOZ_REMOTE_SETTINGS_DEVTOOLS=1 in the environment
Dynamically enable window occlusion 0
1761243468689	Marionette	INFO	Marionette enabled
1761243468753	Marionette	INFO	Listening on port 58829
WebDriver BiDi listening on ws://127.0.0.1:58800
Read port: 58829
1761243468893	RemoteAgent	WARN	TLS certificate errors will be ignored for this session
JavaScript warning: resource://devtools/client/shared/vendor/react-dom.mjs, line 1973: Script terminated by timeout at:
getEventTarget@resource://devtools/client/shared/vendor/react-dom.mjs:1973:1
handleTopLevel@resource://devtools/client/shared/vendor/react-dom.mjs:4268:94
batchedUpdates$1@resource://devtools/client/shared/vendor/react-dom.mjs:15748:12
batchedUpdates@resource://devtools/client/shared/vendor/react-dom.mjs:1878:12
dispatchEvent@resource://devtools/client/shared/vendor/react-dom.mjs:4347:19
interactiveUpdates$1/<@resource://devtools/client/shared/vendor/react-dom.mjs:15799:14
unstable_runWithPriority@resource://devtools/client/shared/vendor/react.mjs:611:12
interactiveUpdates$1@resource://devtools/client/shared/vendor/react-dom.mjs:15798:12
interactiveUpdates@resource://devtools/client/shared/vendor/react-dom.mjs:1897:10
dispatchInteractiveEvent@resource://devtools/client/shared/vendor/react-dom.mjs:4324:21

1761243572432	Marionette	INFO	Stopped listening on port 58829
Dynamically enable window occlusion 1
console.error: (new TypeError("NetworkError when attempting to fetch resource.", ""))
console.error: (new Error("OHTTP was configured for https://ads.mozilla.org/v1/delete_user but we couldn't fetch a valid config", "moz-src:///browser/modules/ContextId.sys.mjs", 234))
console.error: "Failed to fetch https://spocs.getpocket.com/user:" "NetworkError when attempting to fetch resource."
console.warn: TopSitesFeed: Failed to fetch data from MARS server: NetworkError when attempting to fetch resource.
JavaScript error: resource://gre/modules/ObliviousHTTP.sys.mjs, line 117: NS_ERROR_XPC_CANT_CONVERT_PRIMITIVE_TO_ARRAY: Cannot convert primitive JavaScript value into an array arg 2 [nsIObliviousHttpService.newChannel]
JavaScript error: resource://services-settings/RemoteSettingsClient.sys.mjs, line 85: Error: Unknown callback
