1758889994668	geckodriver	INFO	Listening on 127.0.0.1:61660
1758889997752	mozrunner::runner	INFO	Running command: "C:\\Program Files\\Mozilla Firefox\\firefox.exe" "--marionette" "--remote-debugging-port" "61661" "--remote-allow-hosts" "localhost" "-no-remote" "-profile" "C:\\Users\\GENIUS\\AppData\\Local\\Temp\\rust_mozprofilec86OLT"
console.warn: services.settings: Ignoring preference override of remote settings server
console.warn: services.settings: Allow by setting MOZ_REMOTE_SETTINGS_DEVTOOLS=1 in the environment
Dynamically enable window occlusion 0
1758889998301	Marionette	INFO	Marionette enabled
1758889998485	Marionette	INFO	Listening on port 61669
WebDriver BiDi listening on ws://127.0.0.1:61661
Read port: 61669
1758889998685	RemoteAgent	WARN	TLS certificate errors will be ignored for this session
JavaScript error: resource://gre/modules/URIFixup.sys.mjs, line 273: NS_ERROR_FAILURE: Should pass a non-null uri
JavaScript error: resource:///modules/sessionstore/SessionStore.sys.mjs, line 2822: NotFoundError: No such JSProcessActor 'DevToolsProcess'
JavaScript error: resource:///modules/sessionstore/SessionStore.sys.mjs, line 2822: NotFoundError: No such JSProcessActor 'DevToolsProcess'
JavaScript error: resource:///modules/sessionstore/SessionStore.sys.mjs, line 2822: NotFoundError: No such JSProcessActor 'DevToolsProcess'
1758890053185	Marionette	INFO	Stopped listening on port 61669
Dynamically enable window occlusion 1
console.error: (new TypeError("NetworkError when attempting to fetch resource.", ""))
console.error: (new Error("OHTTP was configured for https://ads.mozilla.org/v1/delete_user but we couldn't fetch a valid config", "moz-src:///browser/modules/ContextId.sys.mjs", 234))
console.error: "Failed to fetch https://spocs.getpocket.com/user:" "NetworkError when attempting to fetch resource."
console.warn: TopSitesFeed: Failed to fetch data from MARS server: NetworkError when attempting to fetch resource.
console.error: "Error in worker resource://devtools/client/shared/source-map-loader/worker.js" ": "
JavaScript error: resource://gre/modules/ObliviousHTTP.sys.mjs, line 105: NS_ERROR_XPC_CANT_CONVERT_PRIMITIVE_TO_ARRAY: Cannot convert primitive JavaScript value into an array arg 2 [nsIObliviousHttpService.newChannel]
JavaScript error: resource://services-settings/RemoteSettingsClient.sys.mjs, line 102: Error: Unknown callback
