1763115790625	geckodriver	INFO	Listening on 127.0.0.1:53029
1763115793663	mozrunner::runner	INFO	Running command: "C:\\Program Files\\Mozilla Firefox\\firefox.exe" "--marionette" "--remote-debugging-port" "53030" "--remote-allow-hosts" "localhost" "-no-remote" "-profile" "C:\\Users\\GENIUS\\AppData\\Local\\Temp\\rust_mozprofile27geCu"
console.warn: services.settings: Ignoring preference override of remote settings server
console.warn: services.settings: Allow by setting MOZ_REMOTE_SETTINGS_DEVTOOLS=1 in the environment
Dynamically enable window occlusion 0
1763115794027	Marionette	INFO	Marionette enabled
1763115794100	Marionette	INFO	Listening on port 63551
WebDriver BiDi listening on ws://127.0.0.1:53030
Read port: 63551
1763115794250	RemoteAgent	WARN	TLS certificate errors will be ignored for this session
1763115796945	Marionette	WARN	Ignoring event 'pageshow' because document has an invalid readyState of 'uninitialized'.
1763115803244	Marionette	INFO	Stopped listening on port 63551
Dynamically enable window occlusion 1
console.error: "Failed to sendQuery in DevToolsProcessParent" "DevToolsProcessParent:watchTargets"
console.error: "AbortError: Actor 'DevToolsProcess' destroyed before query 'DevToolsProcessParent:watchTargets' was resolved"
console.error: "Failed to sendQuery in DevToolsProcessParent" "DevToolsProcessParent:addOrSetSessionDataEntry"
console.error: "AbortError: Actor 'DevToolsProcess' destroyed before query 'DevToolsProcessParent:addOrSetSessionDataEntry' was resolved"
console.error: "Failed to sendQuery in DevToolsProcessParent" "DevToolsProcessParent:watchTargets"
console.error: "AbortError: Actor 'DevToolsProcess' destroyed before query 'DevToolsProcessParent:watchTargets' was resolved"
console.error: "Failed to sendQuery in DevToolsProcessParent" "DevToolsProcessParent:addOrSetSessionDataEntry"
console.error: "AbortError: Actor 'DevToolsProcess' destroyed before query 'DevToolsProcessParent:addOrSetSessionDataEntry' was resolved"
console.error: "Failed to sendQuery in DevToolsProcessParent" "DevToolsProcessParent:watchTargets"
console.error: "AbortError: Actor 'DevToolsProcess' destroyed before query 'DevToolsProcessParent:watchTargets' was resolved"
console.error: "Failed to sendQuery in DevToolsProcessParent" "DevToolsProcessParent:addOrSetSessionDataEntry"
console.error: "AbortError: Actor 'DevToolsProcess' destroyed before query 'DevToolsProcessParent:addOrSetSessionDataEntry' was resolved"
console.error: "Exception while opening the toolbox" "Error: Connection closed, pending request to server0.conn0.watcher3, type watchTargets failed\n\nRequest stack:\nrequest@resource://devtools/shared/protocol/Front.js:320:14\ngenerateRequestMethods/</frontProto[name]@resource://devtools/shared/protocol/Front/FrontClassWithSpec.js:57:19\nstartListening@resource://devtools/shared/commands/target/target-command.js:532:35\nopen@resource://devtools/client/framework/toolbox.js:959:41\n_createToolbox@resource://devtools/client/framework/devtools.js:763:19\n" (new Error("Connection closed, pending request to server0.conn0.watcher3, type watchTargets failed\n\nRequest stack:\nrequest@resource://devtools/shared/protocol/Front.js:320:14\ngenerateRequestMethods/</frontProto[name]@resource://devtools/shared/protocol/Front/FrontClassWithSpec.js:57:19\nstartListening@resource://devtools/shared/commands/target/target-command.js:532:35\nopen@resource://devtools/client/framework/toolbox.js:959:41\n_createToolbox@resource://devtools/client/framework/devtools.js:763:19\n", "resource://devtools/shared/protocol/Front.js", 105))
baseFrontClassDestroy@resource://devtools/shared/protocol/Front.js:105:23
destroy@resource://devtools/shared/protocol/Front.js:73:10
destroy@resource://devtools/shared/protocol/Pool.js:213:17
baseFrontClassDestroy@resource://devtools/shared/protocol/Front.js:109:13
destroy@resource://devtools/shared/protocol/Front.js:73:10
destroy@resource://devtools/client/fronts/descriptors/descriptor-mixin.js:55:19
destroy@resource://devtools/client/fronts/descriptors/tab.js:99:11
_emit@resource://devtools/shared/event-emitter.js:242:32
emit@resource://devtools/shared/event-emitter.js:186:18
emit@resource://devtools/shared/event-emitter.js:330:18
destroy@resource://devtools/client/fronts/descriptors/tab.js:94:12
destroy@resource://devtools/shared/commands/index.js:100:31
_destroyToolbox/onceDestroyed</<@resource://devtools/client/framework/toolbox.js:4497:34
observe@resource://gre/modules/AsyncShutdown.sys.mjs:569:17
quit@chrome://remote/content/shared/Browser.sys.mjs:94:22
GeckoDriver.prototype.quit@chrome://remote/content/marionette/driver.sys.mjs:3325:42
dispatch@chrome://remote/content/marionette/server.sys.mjs:318:40
execute@chrome://remote/content/marionette/server.sys.mjs:289:16
onPacket/<@chrome://remote/content/marionette/server.sys.mjs:262:20
onPacket@chrome://remote/content/marionette/server.sys.mjs:263:9
_onJSONObjectReady/<@chrome://remote/content/marionette/transport.sys.mjs:494:20

console.error: "Error while calling actor 'watcher's method 'watchTargets'" "Actor 'DevToolsProcess' destroyed before query 'DevToolsProcessParent:watchTargets' was resolved"
console.error: (new AbortError("Actor 'DevToolsProcess' destroyed before query 'DevToolsProcessParent:watchTargets' was resolved", (void 0), 392))
JavaScript error: , line 0: NotFoundError: No such JSProcessActor 'DevToolsProcess'
JavaScript error: , line 0: NotFoundError: No such JSProcessActor 'DevToolsProcess'
JavaScript error: , line 0: NotFoundError: No such JSProcessActor 'DevToolsProcess'
JavaScript error: resource://devtools/shared/DevToolsUtils.js, line 1013: TypeError: can't access property "windowRoot", win is null
console.error: "Failed to fetch https://spocs.getpocket.com/user:" "NetworkError when attempting to fetch resource."
console.error: (new TypeError("NetworkError when attempting to fetch resource.", ""))
console.error: (new Error("OHTTP was configured for https://ads.mozilla.org/v1/delete_user but we couldn't fetch a valid config", "moz-src:///browser/modules/ContextId.sys.mjs", 234))
console.warn: TopSitesFeed: Failed to fetch data from MARS server: NetworkError when attempting to fetch resource.
JavaScript error: resource://gre/modules/ObliviousHTTP.sys.mjs, line 117: NS_ERROR_XPC_CANT_CONVERT_PRIMITIVE_TO_ARRAY: Cannot convert primitive JavaScript value into an array arg 2 [nsIObliviousHttpService.newChannel]
JavaScript error: resource://gre/modules/AsyncShutdown.sys.mjs, line 569: NotFoundError: No such JSProcessActor 'DevToolsProcess'
JavaScript error: resource://gre/modules/AsyncShutdown.sys.mjs, line 569: NotFoundError: No such JSProcessActor 'DevToolsProcess'
JavaScript error: resource://gre/modules/AsyncShutdown.sys.mjs, line 569: NotFoundError: No such JSProcessActor 'DevToolsProcess'
JavaScript error: resource://gre/modules/AsyncShutdown.sys.mjs, line 569: NotFoundError: No such JSProcessActor 'DevToolsProcess'
JavaScript error: resource://gre/modules/AsyncShutdown.sys.mjs, line 569: NotFoundError: No such JSProcessActor 'DevToolsProcess'
JavaScript error: resource://gre/modules/AsyncShutdown.sys.mjs, line 569: NotFoundError: No such JSProcessActor 'DevToolsProcess'
JavaScript error: resource://services-settings/RemoteSettingsClient.sys.mjs, line 85: Error: Unknown callback
