1763115924531	geckodriver	INFO	Listening on 127.0.0.1:62488
1763115927591	mozrunner::runner	INFO	Running command: "C:\\Program Files\\Mozilla Firefox\\firefox.exe" "--marionette" "--remote-debugging-port" "62489" "--remote-allow-hosts" "localhost" "-no-remote" "-profile" "C:\\Users\\GENIUS\\AppData\\Local\\Temp\\rust_mozprofileRYZExQ"
console.warn: services.settings: Ignoring preference override of remote settings server
console.warn: services.settings: Allow by setting MOZ_REMOTE_SETTINGS_DEVTOOLS=1 in the environment
Dynamically enable window occlusion 0
1763115927959	Marionette	INFO	Marionette enabled
1763115928034	Marionette	INFO	Listening on port 51511
WebDriver BiDi listening on ws://127.0.0.1:62489
Read port: 51511
1763115928191	RemoteAgent	WARN	TLS certificate errors will be ignored for this session
1763115930388	Marionette	WARN	Ignoring event 'pageshow' because document has an invalid readyState of 'uninitialized'.
JavaScript warning: https://platform.twitter.com/widgets/follow_button.2f70fb173b9000da126c79afe2098f02.en.html#dnt=false&id=twitter-widget-0&lang=en&screen_name=tastejs&show_count=false&show_screen_name=false&size=m&time=1763115930749, line 42: Script terminated by timeout at:
t.exports@https://platform.twitter.com/widgets/follow_button.2f70fb173b9000da126c79afe2098f02.en.html#dnt=false&id=twitter-widget-0&lang=en&screen_name=tastejs&show_count=false&show_screen_name=false&size=m&time=1763115930749:42:19271
triggerResize@https://platform.twitter.com/widgets/follow_button.2f70fb173b9000da126c79afe2098f02.en.html#dnt=false&id=twitter-widget-0&lang=en&screen_name=tastejs&show_count=false&show_screen_name=false&size=m&time=1763115930749:42:16589
@https://platform.twitter.com/widgets/follow_button.2f70fb173b9000da126c79afe2098f02.en.html#dnt=false&id=twitter-widget-0&lang=en&screen_name=tastejs&show_count=false&show_screen_name=false&size=m&time=1763115930749:42:22387
n@https://platform.twitter.com/widgets/follow_button.2f70fb173b9000da126c79afe2098f02.en.html#dnt=false&id=twitter-widget-0&lang=en&screen_name=tastejs&show_count=false&show_screen_name=false&size=m&time=1763115930749:35:255
@https://platform.twitter.com/widgets/follow_button.2f70fb173b9000da126c79afe2098f02.en.html#dnt=false&id=twitter-widget-0&lang=en&screen_name=tastejs&show_count=false&show_screen_name=false&size=m&time=1763115930749:42:19418
n@https://platform.twitter.com/widgets/follow_button.2f70fb173b9000da126c79afe2098f02.en.html#dnt=false&id=twitter-widget-0&lang=en&screen_name=tastejs&show_count=false&show_screen_name=false&size=m&time=1763115930749:35:255
@https://platform.twitter.com/widgets/follow_button.2f70fb173b9000da126c79afe2098f02.en.html#dnt=false&id=twitter-widget-0&lang=en&screen_name=tastejs&show_count=false&show_screen_name=false&size=m&time=1763115930749:35:1076
@https://platform.twitter.com/widgets/follow_button.2f70fb173b9000da126c79afe2098f02.en.html#dnt=false&id=twitter-widget-0&lang=en&screen_name=tastejs&show_count=false&show_screen_name=false&size=m&time=1763115930749:35:1087

1763115935231	Marionette	INFO	Stopped listening on port 51511
Dynamically enable window occlusion 1
JavaScript error: , line 0: NotFoundError: No such JSProcessActor 'DevToolsProcess'
JavaScript error: , line 0: NotFoundError: No such JSProcessActor 'DevToolsProcess'
JavaScript error: , line 0: NotFoundError: No such JSProcessActor 'DevToolsProcess'
console.error: "Failed to fetch https://spocs.getpocket.com/user:" "NetworkError when attempting to fetch resource."
console.error: (new TypeError("NetworkError when attempting to fetch resource.", ""))
console.error: (new Error("OHTTP was configured for https://ads.mozilla.org/v1/delete_user but we couldn't fetch a valid config", "moz-src:///browser/modules/ContextId.sys.mjs", 234))
console.warn: TopSitesFeed: Failed to fetch data from MARS server: NetworkError when attempting to fetch resource.
JavaScript error: resource://gre/modules/ObliviousHTTP.sys.mjs, line 117: NS_ERROR_XPC_CANT_CONVERT_PRIMITIVE_TO_ARRAY: Cannot convert primitive JavaScript value into an array arg 2 [nsIObliviousHttpService.newChannel]
console.error: "Error in worker resource://devtools/client/shared/source-map-loader/worker.js" ": "
JavaScript error: resource://services-settings/RemoteSettingsClient.sys.mjs, line 85: Error: Unknown callback
