1763115545366	geckodriver	INFO	Listening on 127.0.0.1:59387
1763115548430	mozrunner::runner	INFO	Running command: "C:\\Program Files\\Mozilla Firefox\\firefox.exe" "--marionette" "--remote-debugging-port" "59388" "--remote-allow-hosts" "localhost" "-no-remote" "-profile" "C:\\Users\\GENIUS\\AppData\\Local\\Temp\\rust_mozprofileJ4KpNE"
console.warn: services.settings: Ignoring preference override of remote settings server
console.warn: services.settings: Allow by setting MOZ_REMOTE_SETTINGS_DEVTOOLS=1 in the environment
Dynamically enable window occlusion 0
1763115548792	Marionette	INFO	Marionette enabled
1763115548862	Marionette	INFO	Listening on port 59116
WebDriver BiDi listening on ws://127.0.0.1:59388
Read port: 59116
1763115549025	RemoteAgent	WARN	TLS certificate errors will be ignored for this session
1763115550694	Marionette	WARN	Ignoring event 'pageshow' because document has an invalid readyState of 'uninitialized'.
console.error: "Content process 13376 isn't responsive while sending \"DevToolsProcessParent:addOrSetSessionDataEntry\" request. DevTools will ignore this process for now."
console.error: "Content process 21848 isn't responsive while sending \"DevToolsProcessParent:addOrSetSessionDataEntry\" request. DevTools will ignore this process for now."
console.error: "Content process 24524 isn't responsive while sending \"DevToolsProcessParent:addOrSetSessionDataEntry\" request. DevTools will ignore this process for now."
console.error: "Content process 13376 isn't responsive while sending \"DevToolsProcessParent:watchTargets\" request. DevTools will ignore this process for now."
console.error: "Content process 21848 isn't responsive while sending \"DevToolsProcessParent:watchTargets\" request. DevTools will ignore this process for now."
console.error: "Content process 24524 isn't responsive while sending \"DevToolsProcessParent:watchTargets\" request. DevTools will ignore this process for now."
1763115555735	Marionette	INFO	Stopped listening on port 59116
Dynamically enable window occlusion 1
console.error: "Failed to sendQuery in DevToolsProcessParent" "DevToolsProcessParent:watchTargets"
console.error: "AbortError: Actor 'DevToolsProcess' destroyed before query 'DevToolsProcessParent:watchTargets' was resolved"
console.error: "Failed to sendQuery in DevToolsProcessParent" "DevToolsProcessParent:addOrSetSessionDataEntry"
console.error: "AbortError: Actor 'DevToolsProcess' destroyed before query 'DevToolsProcessParent:addOrSetSessionDataEntry' was resolved"
console.error: "Failed to sendQuery in DevToolsProcessParent" "DevToolsProcessParent:watchTargets"
console.error: "AbortError: Actor 'DevToolsProcess' destroyed before query 'DevToolsProcessParent:watchTargets' was resolved"
console.error: "Failed to sendQuery in DevToolsProcessParent" "DevToolsProcessParent:addOrSetSessionDataEntry"
console.error: "AbortError: Actor 'DevToolsProcess' destroyed before query 'DevToolsProcessParent:addOrSetSessionDataEntry' was resolved"
console.error: "Failed to sendQuery in DevToolsProcessParent" "DevToolsProcessParent:watchTargets"
console.error: "AbortError: Actor 'DevToolsProcess' destroyed before query 'DevToolsProcessParent:watchTargets' was resolved"
console.error: "Failed to sendQuery in DevToolsProcessParent" "DevToolsProcessParent:addOrSetSessionDataEntry"
console.error: "AbortError: Actor 'DevToolsProcess' destroyed before query 'DevToolsProcessParent:addOrSetSessionDataEntry' was resolved"
console.warn: "Inspector destroyed while executing onReflow callback"
JavaScript error: , line 0: NotFoundError: No such JSProcessActor 'DevToolsProcess'
JavaScript error: , line 0: NotFoundError: No such JSProcessActor 'DevToolsProcess'
JavaScript error: , line 0: NotFoundError: No such JSProcessActor 'DevToolsProcess'
JavaScript error: , line 0: NotFoundError: No such JSProcessActor 'DevToolsProcess'
console.error: "Failed to fetch https://spocs.getpocket.com/user:" "NetworkError when attempting to fetch resource."
console.error: (new TypeError("NetworkError when attempting to fetch resource.", ""))
console.error: (new Error("OHTTP was configured for https://ads.mozilla.org/v1/delete_user but we couldn't fetch a valid config", "moz-src:///browser/modules/ContextId.sys.mjs", 234))
console.warn: TopSitesFeed: Failed to fetch data from MARS server: NetworkError when attempting to fetch resource.
JavaScript error: resource://gre/modules/ObliviousHTTP.sys.mjs, line 117: NS_ERROR_XPC_CANT_CONVERT_PRIMITIVE_TO_ARRAY: Cannot convert primitive JavaScript value into an array arg 2 [nsIObliviousHttpService.newChannel]
console.error: "Error in worker resource://devtools/client/shared/source-map-loader/worker.js" ": "
JavaScript error: resource://gre/modules/AsyncShutdown.sys.mjs, line 569: NotFoundError: No such JSProcessActor 'DevToolsProcess'
JavaScript error: resource://gre/modules/AsyncShutdown.sys.mjs, line 569: NotFoundError: No such JSProcessActor 'DevToolsProcess'
JavaScript error: resource://gre/modules/AsyncShutdown.sys.mjs, line 569: NotFoundError: No such JSProcessActor 'DevToolsProcess'
JavaScript error: resource://gre/modules/AsyncShutdown.sys.mjs, line 569: NotFoundError: No such JSProcessActor 'DevToolsProcess'
JavaScript error: resource://gre/modules/AsyncShutdown.sys.mjs, line 569: NotFoundError: No such JSProcessActor 'DevToolsProcess'
JavaScript error: resource://gre/modules/AsyncShutdown.sys.mjs, line 569: NotFoundError: No such JSProcessActor 'DevToolsProcess'
JavaScript error: resource://services-settings/RemoteSettingsClient.sys.mjs, line 85: Error: Unknown callback
