1758273031094	geckodriver	INFO	Listening on 127.0.0.1:51755
1758273034129	mozrunner::runner	INFO	Running command: "C:\\Program Files\\Mozilla Firefox\\firefox.exe" "--marionette" "--remote-debugging-port" "51756" "--remote-allow-hosts" "localhost" "-no-remote" "-profile" "C:\\Users\\GENIUS\\AppData\\Local\\Temp\\rust_mozprofiletnTjT0"
console.warn: services.settings: Ignoring preference override of remote settings server
console.warn: services.settings: Allow by setting MOZ_REMOTE_SETTINGS_DEVTOOLS=1 in the environment
Dynamically enable window occlusion 0
1758273034624	Marionette	INFO	Marionette enabled
1758273034769	Marionette	INFO	Listening on port 51763
WebDriver BiDi listening on ws://127.0.0.1:51756
Read port: 51763
1758273034947	RemoteAgent	WARN	TLS certificate errors will be ignored for this session
1758273067833	Marionette	INFO	Stopped listening on port 51763
Dynamically enable window occlusion 1
console.error: "Failed to fetch https://ads.mozilla.org/v1/delete_user:" "NetworkError when attempting to fetch resource."
console.warn: TopSitesFeed: Failed to fetch data from MARS server: NetworkError when attempting to fetch resource.
console.error: services.settings: 
Object
  - prototype Object
    - columnNumber = 0
    - data = null
    - filename = resource://gre/modules/ServiceRequest.sys.mjs
    - lineNumber = 126
    - location = {"name":"open","filename":"resource://gre/modules/ServiceRequest.sys.mjs","sourceId":27,"lineNumber":126,"columnNumber":11,"asyncCause":null,"asyncCaller":null,"caller":{"filename":"resource://services-settings/Utils.sys.mjs","name":"fetch/<","sourceId":26,"lineNumber":268,"columnNumber":15,"asyncCause":null,"asyncCaller":null,"caller":{"filename":"resource://services-settings/Utils.sys.mjs","name":"fetch","sourceId":26,"lineNumber":219,"columnNumber":12,"asyncCause":null,"asyncCaller":null,"caller":{"filename":"resource://services-common/kinto-http-client.sys.mjs","name":"timedFetch/<","sourceId":653,"lineNumber":569,"columnNumber":12,"asyncCause":null,"asyncCaller":null,"caller":{"filename":"resource://services-common/kinto-http-client.sys.mjs","name":"timedFetch","sourceId":653,"lineNumber":544,"columnNumber":12,"asyncCause":null,"asyncCaller":null,"caller":{"filename":"resource://services-common/kinto-http-client.sys.mjs","name":"request","sourceId":653,"lineNumber":634,"columnNumber":33,"asyncCause":null,"asyncCaller":null,"caller":{"filename":"resource://services-common/kinto-http-client.sys.mjs","name":"execute","sourceId":653,"lineNumber":2643,"columnNumber":36,"asyncCause":null,"asyncCaller":null,"caller":{"filename":"resource://services-common/kinto-http-client.sys.mjs","name":"getData","sourceId":653,"lineNumber":1119,"columnNumber":40,"asyncCause":null,"asyncCaller":null,"caller":{"filename":"resource://services-settings/RemoteSettingsClient.sys.mjs","name":"maybeSync","sourceId":24,"lineNumber":782,"columnNumber":54,"asyncCause":null,"asyncCaller":null,"caller":null,"formattedStack":"maybeSync@resource://services-settings/RemoteSettingsClient.sys.mjs:782:54\n","nativeSavedFrame":{}},"formattedStack":"getData@resource://services-common/kinto-http-client.sys.mjs:1119:40\nmaybeSync@resource://services-settings/RemoteSettingsClient.sys.mjs:782:54\n","nativeSavedFrame":{}},"formattedStack":"execute@resource://services-common/kinto-http-client.sys.mjs:2643:36\ngetData@resource://services-common/kinto-http-client.sys.mjs:1119:40\nmaybeSync@resource://services-settings/RemoteSettingsClient.sys.mjs:782:54\n","nativeSavedFrame":{}},"formattedStack":"request@resource://services-common/kinto-http-client.sys.mjs:634:33\nexecute@resource://services-common/kinto-http-client.sys.mjs:2643:36\ngetData@resource://services-common/kinto-http-client.sys.mjs:1119:40\nmaybeSync@resource://services-settings/RemoteSettingsClient.sys.mjs:782:54\n","nativeSavedFrame":{}},"formattedStack":"timedFetch@resource://services-common/kinto-http-client.sys.mjs:544:12\nrequest@resource://services-common/kinto-http-client.sys.mjs:634:33\nexecute@resource://services-common/kinto-http-client.sys.mjs:2643:36\ngetData@resource://services-common/kinto-http-client.sys.mjs:1119:40\nmaybeSync@resource://services-settings/RemoteSettingsClient.sys.mjs:782:54\n","nativeSavedFrame":{}},"formattedStack":"timedFetch/<@resource://services-common/kinto-http-client.sys.mjs:569:12\ntimedFetch@resource://services-common/kinto-http-client.sys.mjs:544:12\nrequest@resource://services-common/kinto-http-client.sys.mjs:634:33\nexecute@resource://services-common/kinto-http-client.sys.mjs:2643:36\ngetData@resource://services-common/kinto-http-client.sys.mjs:1119:40\nmaybeSync@resource://services-settings/RemoteSettingsClient.sys.mjs:782:54\n","nativeSavedFrame":{}},"formattedStack":"fetch@resource://services-settings/Utils.sys.mjs:219:12\ntimedFetch/<@resource://services-common/kinto-http-client.sys.mjs:569:12\ntimedFetch@resource://services-common/kinto-http-client.sys.mjs:544:12\nrequest@resource://services-common/kinto-http-client.sys.mjs:634:33\nexecute@resource://services-common/kinto-http-client.sys.mjs:2643:36\ngetData@resource://services-common/kinto-http-client.sys.mjs:1119:40\nmaybeSync@resource://services-settings/RemoteSettingsClient.sys.mjs:782:54\n","nativeSavedFrame":{}},"formattedStack":"fetch/<@resource://services-settings/Utils.sys.mjs:268:15\nfetch@resource://services-settings/Utils.sys.mjs:219:12\ntimedFetch/<@resource://services-common/kinto-http-client.sys.mjs:569:12\ntimedFetch@resource://services-common/kinto-http-client.sys.mjs:544:12\nrequest@resource://services-common/kinto-http-client.sys.mjs:634:33\nexecute@resource://services-common/kinto-http-client.sys.mjs:2643:36\ngetData@resource://services-common/kinto-http-client.sys.mjs:1119:40\nmaybeSync@resource://services-settings/RemoteSettingsClient.sys.mjs:782:54\n","nativeSavedFrame":{}},"formattedStack":"open@resource://gre/modules/ServiceRequest.sys.mjs:126:11\nfetch/<@resource://services-settings/Utils.sys.mjs:268:15\nfetch@resource://services-settings/Utils.sys.mjs:219:12\ntimedFetch/<@resource://services-common/kinto-http-client.sys.mjs:569:12\ntimedFetch@resource://services-common/kinto-http-client.sys.mjs:544:12\nrequest@resource://services-common/kinto-http-client.sys.mjs:634:33\nexecute@resource://services-common/kinto-http-client.sys.mjs:2643:36\ngetData@resource://services-common/kinto-http-client.sys.mjs:1119:40\nmaybeSync@resource://services-settings/RemoteSettingsClient.sys.mjs:782:54\n","nativeSavedFrame":{}}
    - message = 
    - name = 
    - result = 2152071198
    - stack = open@resource://gre/modules/ServiceRequest.sys.mjs:126:11|fetch/<@resource://services-settings/Utils.sys.mjs:268:15|fetch@resource://services-settings/Utils.sys.mjs:219:12|timedFetch/<@resource://services-common/kinto-http-client.sys.mjs:569:12|timedFetch@resource://services-common/kinto-http-client.sys.mjs:544:12|request@resource://services-common/kinto-http-client.sys.mjs:634:33|execute@resource://services-common/kinto-http-client.sys.mjs:2643:36|getData@resource://services-common/kinto-http-client.sys.mjs:1119:40|maybeSync@resource://services-settings/RemoteSettingsClient.sys.mjs:782:54|
  - prototype Object
console.warn: services.settings: main/urlbar-persisted-search-terms sync interrupted by shutdown
console.warn: services.settings: main/search-config-overrides-v2 sync interrupted by shutdown
console.warn: services.settings: main/query-stripping sync interrupted by shutdown
console.warn: services.settings: main/addons-manager-settings sync interrupted by shutdown
console.warn: services.settings: main/password-recipes sync interrupted by shutdown
console.warn: services.settings: main/language-dictionaries sync interrupted by shutdown
console.warn: services.settings: main/devtools-devices sync interrupted by shutdown
console.warn: services.settings: main/doh-providers sync interrupted by shutdown
console.warn: services.settings: main/hijack-blocklists sync interrupted by shutdown
console.error: (new AbortError("IndexedDB: main/pioneer-study-addons getLastModified() IndexedDB:  execute() A request was aborted, for example through a call to IDBTransaction.abort.", "resource://services-settings/IDBHelpers.sys.mjs", 16))
JavaScript error: resource://services-settings/RemoteSettingsClient.sys.mjs, line 102: Error: Unknown callback
