1764995746898	geckodriver	INFO	Listening on 127.0.0.1:56848
1764995749981	mozrunner::runner	INFO	Running command: "C:\\Users\\GENIUS\\.cache\\selenium\\firefox\\win64\\145.0.2\\firefox.exe" "--marionette" "--remote-debuggi ... " "--remote-allow-hosts" "localhost" "-no-remote" "-profile" "C:\\Users\\GENIUS\\AppData\\Local\\Temp\\rust_mozprofileMBWZD7"
console.warn: services.settings: Ignoring preference override of remote settings server
console.warn: services.settings: Allow by setting MOZ_REMOTE_SETTINGS_DEVTOOLS=1 in the environment
Dynamically enable window occlusion 0
1764995750345	Marionette	INFO	Marionette enabled
1764995750410	Marionette	INFO	Listening on port 56864
WebDriver BiDi listening on ws://127.0.0.1:56849
Read port: 56864
1764995750548	RemoteAgent	WARN	TLS certificate errors will be ignored for this session
1764995764397	Marionette	INFO	Stopped listening on port 56864
Dynamically enable window occlusion 1
JavaScript error: resource:///modules/AboutNewTab.sys.mjs, line 242: NS_ERROR_ILLEGAL_VALUE: Component returned failure code: 0x80070057 (NS_ERROR_ILLEGAL_VALUE) [nsIObserverService.removeObserver]
console.error: (new TypeError("NetworkError when attempting to fetch resource.", ""))
console.error: (new Error("OHTTP was configured for https://ads.mozilla.org/v1/delete_user but we couldn't fetch a valid config", "moz-src:///browser/modules/ContextId.sys.mjs", 234))
JavaScript error: resource://gre/modules/ObliviousHTTP.sys.mjs, line 117: NS_ERROR_XPC_CANT_CONVERT_PRIMITIVE_TO_ARRAY: Cannot convert primitive JavaScript value into an array arg 2 [nsIObliviousHttpService.newChannel]
console.error: "Failed to fetch https://spocs.getpocket.com/user:" "NetworkError when attempting to fetch resource."
console.warn: TopSitesFeed: Failed to fetch data from MARS server: NetworkError when attempting to fetch resource.
console.error: services.settings: 
  Message: AbortError: IndexedDB: main/newtab-wallpapers-v2 getLastModified() IndexedDB:  execute() A request was aborted, for example through a call to IDBTransaction.abort.
JavaScript error: resource://services-settings/RemoteSettingsClient.sys.mjs, line 85: Error: Unknown callback
JavaScript error: resource://gre/modules/JSONFile.sys.mjs, line 432: TypeError: can't access property "toJSONSafe", this._data is null
