1756452571259	geckodriver	INFO	Listening on 127.0.0.1:58065
1756452574291	mozrunner::runner	INFO	Running command: "C:\\Program Files\\Mozilla Firefox\\firefox.exe" "--marionette" "--remote-debugging-port" "58066" "--remote-allow-hosts" "localhost" "-no-remote" "-profile" "C:\\Users\\GENIUS\\AppData\\Local\\Temp\\rust_mozprofileMY4ltO"
console.warn: services.settings: Ignoring preference override of remote settings server
console.warn: services.settings: Allow by setting MOZ_REMOTE_SETTINGS_DEVTOOLS=1 in the environment
Dynamically enable window occlusion 0
1756452574550	Marionette	INFO	Marionette enabled
1756452574633	Marionette	INFO	Listening on port 49780
WebDriver BiDi listening on ws://127.0.0.1:58066
Read port: 49780
1756452574758	RemoteAgent	WARN	TLS certificate errors will be ignored for this session
JavaScript error: moz-src:///browser/components/search/SearchOneOffs.sys.mjs, line 385: TypeError: aEngine.getIconURL is not a function
JavaScript error: moz-src:///browser/components/search/SearchOneOffs.sys.mjs, line 385: TypeError: aEngine.getIconURL is not a function
JavaScript error: moz-src:///browser/components/search/SearchOneOffs.sys.mjs, line 385: TypeError: aEngine.getIconURL is not a function
JavaScript error: moz-src:///browser/components/search/SearchOneOffs.sys.mjs, line 385: TypeError: aEngine.getIconURL is not a function
JavaScript error: moz-src:///browser/components/search/SearchOneOffs.sys.mjs, line 385: TypeError: aEngine.getIconURL is not a function
console.warn: WindowsJumpLists: "Failed to fetch favicon for " "https://drive.usercontent.google.com/download?id=1zO8ekHWx9U7mrbx_0Hoxxu6od7uxJqWw&export=download" [Exception... "Failure"  nsresult: "0x80004005 (NS_ERROR_FAILURE)"  location: "<unknown>"  data: no]
1756452741247	Marionette	INFO	Stopped listening on port 49780
Dynamically enable window occlusion 1
console.error: "Failed to fetch https://ads.mozilla.org/v1/delete_user:" "NetworkError when attempting to fetch resource."
console.warn: TopSitesFeed: Failed to fetch data from MARS server: NetworkError when attempting to fetch resource.
JavaScript error: resource://services-settings/RemoteSettingsClient.sys.mjs, line 102: Error: Unknown callback
