1755009329039	geckodriver	INFO	Listening on 127.0.0.1:59084
1755009332120	mozrunner::runner	INFO	Running command: "C:\\Program Files\\Mozilla Firefox\\firefox.exe" "--marionette" "--remote-debugging-port" "59085" "--remote-allow-hosts" "localhost" "-no-remote" "-profile" "C:\\Users\\GENIUS\\AppData\\Local\\Temp\\rust_mozprofilev9bkCx"
console.warn: services.settings: Ignoring preference override of remote settings server
console.warn: services.settings: Allow by setting MOZ_REMOTE_SETTINGS_DEVTOOLS=1 in the environment
Dynamically enable window occlusion 0
1755009332399	Marionette	INFO	Marionette enabled
1755009332503	Marionette	INFO	Listening on port 59093
WebDriver BiDi listening on ws://127.0.0.1:59085
Read port: 59093
1755009332596	RemoteAgent	WARN	TLS certificate errors will be ignored for this session
console.warn: RSLoader: Recipe train-hop-pilot-to-beta-start-and-stop not returned from collection nimbus-secure-experiments because it contains feature newtabTrainhopAddon, which is disallowed for that collection.
console.warn: RSLoader: Recipe train-hop-pilot-to-beta-start-and-wait-for-escape-hatch-signal not returned from collection nimbus-secure-experiments because it contains feature newtabTrainhopAddon, which is disallowed for that collection.
console.warn: RSLoader: Recipe train-hop-pilot-to-beta-start-and-wait-for-major-version-bump not returned from collection nimbus-secure-experiments because it contains feature newtabTrainhopAddon, which is disallowed for that collection.
console.warn: LoginRecipes: "Falling back to a synchronous message for: https://www.saucedemo.com."
console.warn: LoginRecipes: "Falling back to a synchronous message for: https://www.saucedemo.com."
JavaScript warning: https://www.saucedemo.com/static/js/2.84a5cbf3.chunk.js, line 2: Script terminated by timeout at:
get@https://www.saucedemo.com/static/js/2.84a5cbf3.chunk.js:2:123438
r/936/n/7429/value/<@https://www.saucedemo.com/static/js/2.84a5cbf3.chunk.js:2:56726

1755009348084	Marionette	INFO	Stopped listening on port 59093
Dynamically enable window occlusion 1
console.error: "Failed to fetch https://ads.mozilla.org/v1/delete_user:" "NetworkError when attempting to fetch resource."
console.warn: TopSitesFeed: Failed to fetch data from MARS server: NetworkError when attempting to fetch resource.
JavaScript error: resource://services-settings/RemoteSettingsClient.sys.mjs, line 101: Error: Unknown callback
